# JRE version: OpenJDK Runtime Environment (8.0_112-b06) (build 1.8.0_112-release-b06)
# Java VM: OpenJDK 64-Bit Server VM (25.112-b06 mixed mode windows-amd64 compressed oops)
Heap:
 PSYoungGen      total 221696K, used 30888K [0x00000000eab00000, 0x00000000f9600000, 0x0000000100000000)
  eden space 209920K, 14% used [0x00000000eab00000,0x00000000ec92a078,0x00000000f7800000)
  from space 11776K, 0% used [0x00000000f8880000,0x00000000f8880000,0x00000000f9400000)
  to   space 15360K, 0% used [0x00000000f7800000,0x00000000f7800000,0x00000000f8700000)
 ParOldGen       total 90112K, used 43956K [0x00000000c0000000, 0x00000000c5800000, 0x00000000eab00000)
  object space 90112K, 48% used [0x00000000c0000000,0x00000000c2aed048,0x00000000c5800000)
 Metaspace       used 52717K, capacity 54580K, committed 54784K, reserved 1095680K
  class space    used 7153K, capacity 7597K, committed 7680K, reserved 1048576K
GC Heap History (10 events):
Event: 16.059 GC heap before
{Heap before GC invocations=14 (full 2):
 PSYoungGen      total 153600K, used 142336K [0x00000000eab00000, 0x00000000f9400000, 0x0000000100000000)
  eden space 142336K, 100% used [0x00000000eab00000,0x00000000f3600000,0x00000000f3600000)
  from space 11264K, 0% used [0x00000000f3600000,0x00000000f3600000,0x00000000f4100000)
  to   space 11776K, 0% used [0x00000000f8880000,0x00000000f8880000,0x00000000f9400000)
 ParOldGen       total 47616K, used 15839K [0x00000000c0000000, 0x00000000c2e80000, 0x00000000eab00000)
  object space 47616K, 33% used [0x00000000c0000000,0x00000000c0f77d48,0x00000000c2e80000)
 Metaspace       used 43618K, capacity 44608K, committed 44800K, reserved 1087488K
  class space    used 5775K, capacity 6022K, committed 6144K, reserved 1048576K
Event: 16.103 GC heap after
Heap after GC invocations=14 (full 2):
 PSYoungGen      total 221696K, used 11756K [0x00000000eab00000, 0x00000000f9600000, 0x0000000100000000)
  eden space 209920K, 0% used [0x00000000eab00000,0x00000000eab00000,0x00000000f7800000)
  from space 11776K, 99% used [0x00000000f8880000,0x00000000f93fb0c8,0x00000000f9400000)
  to   space 15360K, 0% used [0x00000000f7800000,0x00000000f7800000,0x00000000f8700000)
 ParOldGen       total 47616K, used 21113K [0x00000000c0000000, 0x00000000c2e80000, 0x00000000eab00000)
  object space 47616K, 44% used [0x00000000c0000000,0x00000000c149e408,0x00000000c2e80000)
 Metaspace       used 43618K, capacity 44608K, committed 44800K, reserved 1087488K
  class space    used 5775K, capacity 6022K, committed 6144K, reserved 1048576K
}
Event: 25.367 GC heap before
{Heap before GC invocations=15 (full 2):
 PSYoungGen      total 221696K, used 221676K [0x00000000eab00000, 0x00000000f9600000, 0x0000000100000000)
  eden space 209920K, 100% used [0x00000000eab00000,0x00000000f7800000,0x00000000f7800000)
  from space 11776K, 99% used [0x00000000f8880000,0x00000000f93fb0c8,0x00000000f9400000)
  to   space 15360K, 0% used [0x00000000f7800000,0x00000000f7800000,0x00000000f8700000)
 ParOldGen       total 47616K, used 21113K [0x00000000c0000000, 0x00000000c2e80000, 0x00000000eab00000)
  object space 47616K, 44% used [0x00000000c0000000,0x00000000c149e408,0x00000000c2e80000)
 Metaspace       used 50994K, capacity 52314K, committed 52608K, reserved 1095680K
  class space    used 6896K, capacity 7220K, committed 7296K, reserved 1048576K
Event: 25.416 GC heap after
Heap after GC invocations=15 (full 2):
 PSYoungGen      total 225280K, used 15329K [0x00000000eab00000, 0x00000000f9600000, 0x0000000100000000)
  eden space 209920K, 0% used [0x00000000eab00000,0x00000000eab00000,0x00000000f7800000)
  from space 15360K, 99% used [0x00000000f7800000,0x00000000f86f86b0,0x00000000f8700000)
  to   space 11776K, 0% used [0x00000000f8880000,0x00000000f8880000,0x00000000f9400000)
 ParOldGen       total 47616K, used 39235K [0x00000000c0000000, 0x00000000c2e80000, 0x00000000eab00000)
  object space 47616K, 82% used [0x00000000c0000000,0x00000000c2650c70,0x00000000c2e80000)
 Metaspace       used 50994K, capacity 52314K, committed 52608K, reserved 1095680K
  class space    used 6896K, capacity 7220K, committed 7296K, reserved 1048576K
}
Event: 25.417 GC heap before
{Heap before GC invocations=16 (full 3):
 PSYoungGen      total 225280K, used 15329K [0x00000000eab00000, 0x00000000f9600000, 0x0000000100000000)
  eden space 209920K, 0% used [0x00000000eab00000,0x00000000eab00000,0x00000000f7800000)
  from space 15360K, 99% used [0x00000000f7800000,0x00000000f86f86b0,0x00000000f8700000)
  to   space 11776K, 0% used [0x00000000f8880000,0x00000000f8880000,0x00000000f9400000)
 ParOldGen       total 47616K, used 39235K [0x00000000c0000000, 0x00000000c2e80000, 0x00000000eab00000)
  object space 47616K, 82% used [0x00000000c0000000,0x00000000c2650c70,0x00000000c2e80000)
 Metaspace       used 50994K, capacity 52314K, committed 52608K, reserved 1095680K
  class space    used 6896K, capacity 7220K, committed 7296K, reserved 1048576K
Event: 25.800 GC heap after
Heap after GC invocations=16 (full 3):
 PSYoungGen      total 225280K, used 1483K [0x00000000eab00000, 0x00000000f9600000, 0x0000000100000000)
  eden space 209920K, 0% used [0x00000000eab00000,0x00000000eab00000,0x00000000f7800000)
  from space 15360K, 9% used [0x00000000f7800000,0x00000000f7972fc8,0x00000000f8700000)
  to   space 11776K, 0% used [0x00000000f8880000,0x00000000f8880000,0x00000000f9400000)
 ParOldGen       total 90112K, used 47210K [0x00000000c0000000, 0x00000000c5800000, 0x00000000eab00000)
  object space 90112K, 52% used [0x00000000c0000000,0x00000000c2e1a860,0x00000000c5800000)
 Metaspace       used 50994K, capacity 52314K, committed 52608K, reserved 1095680K
  class space    used 6896K, capacity 7220K, committed 7296K, reserved 1048576K
}
Event: 30.553 GC heap before
{Heap before GC invocations=17 (full 3):
 PSYoungGen      total 225280K, used 56116K [0x00000000eab00000, 0x00000000f9600000, 0x0000000100000000)
  eden space 209920K, 26% used [0x00000000eab00000,0x00000000ee05a258,0x00000000f7800000)
  from space 15360K, 9% used [0x00000000f7800000,0x00000000f7972fc8,0x00000000f8700000)
  to   space 11776K, 0% used [0x00000000f8880000,0x00000000f8880000,0x00000000f9400000)
 ParOldGen       total 90112K, used 47210K [0x00000000c0000000, 0x00000000c5800000, 0x00000000eab00000)
  object space 90112K, 52% used [0x00000000c0000000,0x00000000c2e1a860,0x00000000c5800000)
 Metaspace       used 52359K, capacity 54116K, committed 54272K, reserved 1095680K
  class space    used 7125K, capacity 7565K, committed 7680K, reserved 1048576K
Event: 30.588 GC heap after
Heap after GC invocations=17 (full 3):
 PSYoungGen      total 221696K, used 2605K [0x00000000eab00000, 0x00000000f9600000, 0x0000000100000000)
  eden space 209920K, 0% used [0x00000000eab00000,0x00000000eab00000,0x00000000f7800000)
  from space 11776K, 22% used [0x00000000f8880000,0x00000000f8b0b7c8,0x00000000f9400000)
  to   space 15360K, 0% used [0x00000000f7800000,0x00000000f7800000,0x00000000f8700000)
 ParOldGen       total 90112K, used 48721K [0x00000000c0000000, 0x00000000c5800000, 0x00000000eab00000)
  object space 90112K, 54% used [0x00000000c0000000,0x00000000c2f946b0,0x00000000c5800000)
 Metaspace       used 52359K, capacity 54116K, committed 54272K, reserved 1095680K
  class space    used 7125K, capacity 7565K, committed 7680K, reserved 1048576K
}
Event: 30.588 GC heap before
{Heap before GC invocations=18 (full 4):
 PSYoungGen      total 221696K, used 2605K [0x00000000eab00000, 0x00000000f9600000, 0x0000000100000000)
  eden space 209920K, 0% used [0x00000000eab00000,0x00000000eab00000,0x00000000f7800000)
  from space 11776K, 22% used [0x00000000f8880000,0x00000000f8b0b7c8,0x00000000f9400000)
  to   space 15360K, 0% used [0x00000000f7800000,0x00000000f7800000,0x00000000f8700000)
 ParOldGen       total 90112K, used 48721K [0x00000000c0000000, 0x00000000c5800000, 0x00000000eab00000)
  object space 90112K, 54% used [0x00000000c0000000,0x00000000c2f946b0,0x00000000c5800000)
 Metaspace       used 52359K, capacity 54116K, committed 54272K, reserved 1095680K
  class space    used 7125K, capacity 7565K, committed 7680K, reserved 1048576K
Event: 31.154 GC heap after
Heap after GC invocations=18 (full 4):
 PSYoungGen      total 221696K, used 0K [0x00000000eab00000, 0x00000000f9600000, 0x0000000100000000)
  eden space 209920K, 0% used [0x00000000eab00000,0x00000000eab00000,0x00000000f7800000)
  from space 11776K, 0% used [0x00000000f8880000,0x00000000f8880000,0x00000000f9400000)
  to   space 15360K, 0% used [0x00000000f7800000,0x00000000f7800000,0x00000000f8700000)
 ParOldGen       total 90112K, used 43956K [0x00000000c0000000, 0x00000000c5800000, 0x00000000eab00000)
  object space 90112K, 48% used [0x00000000c0000000,0x00000000c2aed048,0x00000000c5800000)
 Metaspace       used 52359K, capacity 54116K, committed 54272K, reserved 1095680K
  class space    used 7125K, capacity 7565K, committed 7680K, reserved 1048576K
}

