# JRE version: OpenJDK Runtime Environment (8.0_112-b06) (build 1.8.0_112-release-b06)
# Java VM: OpenJDK 64-Bit Server VM (25.112-b06 mixed mode windows-amd64 compressed oops)
Heap:
 PSYoungGen      total 174080K, used 107975K [0x00000000eab00000, 0x00000000f9a80000, 0x0000000100000000)
  eden space 161792K, 59% used [0x00000000eab00000,0x00000000f0876c68,0x00000000f4900000)
  from space 12288K, 99% used [0x00000000f4900000,0x00000000f54fb2b0,0x00000000f5500000)
  to   space 18944K, 0% used [0x00000000f8800000,0x00000000f8800000,0x00000000f9a80000)
 ParOldGen       total 54784K, used 34591K [0x00000000c0000000, 0x00000000c3580000, 0x00000000eab00000)
  object space 54784K, 63% used [0x00000000c0000000,0x00000000c21c7fa8,0x00000000c3580000)
 Metaspace       used 51917K, capacity 53500K, committed 53800K, reserved 1095680K
  class space    used 6989K, capacity 7417K, committed 7464K, reserved 1048576K
GC Heap History (10 events):
Event: 9.990 GC heap before
{Heap before GC invocations=11 (full 1):
 PSYoungGen      total 101376K, used 89324K [0x00000000eab00000, 0x00000000f3780000, 0x0000000100000000)
  eden space 94208K, 89% used [0x00000000eab00000,0x00000000efd80178,0x00000000f0700000)
  from space 7168K, 67% used [0x00000000f0700000,0x00000000f0bbb180,0x00000000f0e00000)
  to   space 7168K, 0% used [0x00000000f3080000,0x00000000f3080000,0x00000000f3780000)
 ParOldGen       total 38912K, used 11989K [0x00000000c0000000, 0x00000000c2600000, 0x00000000eab00000)
  object space 38912K, 30% used [0x00000000c0000000,0x00000000c0bb57b0,0x00000000c2600000)
 Metaspace       used 34547K, capacity 35368K, committed 35496K, reserved 1079296K
  class space    used 4532K, capacity 4761K, committed 4776K, reserved 1048576K
Event: 10.005 GC heap after
Heap after GC invocations=11 (full 1):
 PSYoungGen      total 133632K, used 7155K [0x00000000eab00000, 0x00000000f3980000, 0x0000000100000000)
  eden space 126464K, 0% used [0x00000000eab00000,0x00000000eab00000,0x00000000f2680000)
  from space 7168K, 99% used [0x00000000f3080000,0x00000000f377cef0,0x00000000f3780000)
  to   space 9728K, 0% used [0x00000000f2680000,0x00000000f2680000,0x00000000f3000000)
 ParOldGen       total 38912K, used 16854K [0x00000000c0000000, 0x00000000c2600000, 0x00000000eab00000)
  object space 38912K, 43% used [0x00000000c0000000,0x00000000c1075828,0x00000000c2600000)
 Metaspace       used 34547K, capacity 35368K, committed 35496K, reserved 1079296K
  class space    used 4532K, capacity 4761K, committed 4776K, reserved 1048576K
}
Event: 10.005 GC heap before
{Heap before GC invocations=12 (full 2):
 PSYoungGen      total 133632K, used 7155K [0x00000000eab00000, 0x00000000f3980000, 0x0000000100000000)
  eden space 126464K, 0% used [0x00000000eab00000,0x00000000eab00000,0x00000000f2680000)
  from space 7168K, 99% used [0x00000000f3080000,0x00000000f377cef0,0x00000000f3780000)
  to   space 9728K, 0% used [0x00000000f2680000,0x00000000f2680000,0x00000000f3000000)
 ParOldGen       total 38912K, used 16854K [0x00000000c0000000, 0x00000000c2600000, 0x00000000eab00000)
  object space 38912K, 43% used [0x00000000c0000000,0x00000000c1075828,0x00000000c2600000)
 Metaspace       used 34547K, capacity 35368K, committed 35496K, reserved 1079296K
  class space    used 4532K, capacity 4761K, committed 4776K, reserved 1048576K
Event: 10.104 GC heap after
Heap after GC invocations=12 (full 2):
 PSYoungGen      total 133632K, used 0K [0x00000000eab00000, 0x00000000f3980000, 0x0000000100000000)
  eden space 126464K, 0% used [0x00000000eab00000,0x00000000eab00000,0x00000000f2680000)
  from space 7168K, 0% used [0x00000000f3080000,0x00000000f3080000,0x00000000f3780000)
  to   space 9728K, 0% used [0x00000000f2680000,0x00000000f2680000,0x00000000f3000000)
 ParOldGen       total 54784K, used 17655K [0x00000000c0000000, 0x00000000c3580000, 0x00000000eab00000)
  object space 54784K, 32% used [0x00000000c0000000,0x00000000c113de80,0x00000000c3580000)
 Metaspace       used 34476K, capacity 35226K, committed 35496K, reserved 1079296K
  class space    used 4508K, capacity 4735K, committed 4776K, reserved 1048576K
}
Event: 24.737 GC heap before
{Heap before GC invocations=13 (full 2):
 PSYoungGen      total 133632K, used 126464K [0x00000000eab00000, 0x00000000f3980000, 0x0000000100000000)
  eden space 126464K, 100% used [0x00000000eab00000,0x00000000f2680000,0x00000000f2680000)
  from space 7168K, 0% used [0x00000000f3080000,0x00000000f3080000,0x00000000f3780000)
  to   space 9728K, 0% used [0x00000000f2680000,0x00000000f2680000,0x00000000f3000000)
 ParOldGen       total 54784K, used 17655K [0x00000000c0000000, 0x00000000c3580000, 0x00000000eab00000)
  object space 54784K, 32% used [0x00000000c0000000,0x00000000c113de80,0x00000000c3580000)
 Metaspace       used 35418K, capacity 36216K, committed 36520K, reserved 1081344K
  class space    used 4526K, capacity 4740K, committed 4776K, reserved 1048576K
Event: 24.747 GC heap after
Heap after GC invocations=13 (full 2):
 PSYoungGen      total 136192K, used 2672K [0x00000000eab00000, 0x00000000f5e80000, 0x0000000100000000)
  eden space 126464K, 0% used [0x00000000eab00000,0x00000000eab00000,0x00000000f2680000)
  from space 9728K, 27% used [0x00000000f2680000,0x00000000f291c250,0x00000000f3000000)
  to   space 9728K, 0% used [0x00000000f5500000,0x00000000f5500000,0x00000000f5e80000)
 ParOldGen       total 54784K, used 17663K [0x00000000c0000000, 0x00000000c3580000, 0x00000000eab00000)
  object space 54784K, 32% used [0x00000000c0000000,0x00000000c113fe80,0x00000000c3580000)
 Metaspace       used 35418K, capacity 36216K, committed 36520K, reserved 1081344K
  class space    used 4526K, capacity 4740K, committed 4776K, reserved 1048576K
}
Event: 26.879 GC heap before
{Heap before GC invocations=14 (full 2):
 PSYoungGen      total 136192K, used 129136K [0x00000000eab00000, 0x00000000f5e80000, 0x0000000100000000)
  eden space 126464K, 100% used [0x00000000eab00000,0x00000000f2680000,0x00000000f2680000)
  from space 9728K, 27% used [0x00000000f2680000,0x00000000f291c250,0x00000000f3000000)
  to   space 9728K, 0% used [0x00000000f5500000,0x00000000f5500000,0x00000000f5e80000)
 ParOldGen       total 54784K, used 17663K [0x00000000c0000000, 0x00000000c3580000, 0x00000000eab00000)
  object space 54784K, 32% used [0x00000000c0000000,0x00000000c113fe80,0x00000000c3580000)
 Metaspace       used 40752K, capacity 41726K, committed 42152K, reserved 1085440K
  class space    used 5237K, capacity 5462K, committed 5544K, reserved 1048576K
Event: 26.898 GC heap after
Heap after GC invocations=14 (full 2):
 PSYoungGen      total 171520K, used 9703K [0x00000000eab00000, 0x00000000f6100000, 0x0000000100000000)
  eden space 161792K, 0% used [0x00000000eab00000,0x00000000eab00000,0x00000000f4900000)
  from space 9728K, 99% used [0x00000000f5500000,0x00000000f5e79f90,0x00000000f5e80000)
  to   space 12288K, 0% used [0x00000000f4900000,0x00000000f4900000,0x00000000f5500000)
 ParOldGen       total 54784K, used 21172K [0x00000000c0000000, 0x00000000c3580000, 0x00000000eab00000)
  object space 54784K, 38% used [0x00000000c0000000,0x00000000c14ad318,0x00000000c3580000)
 Metaspace       used 40752K, capacity 41726K, committed 42152K, reserved 1085440K
  class space    used 5237K, capacity 5462K, committed 5544K, reserved 1048576K
}
Event: 34.884 GC heap before
{Heap before GC invocations=15 (full 2):
 PSYoungGen      total 171520K, used 171495K [0x00000000eab00000, 0x00000000f6100000, 0x0000000100000000)
  eden space 161792K, 100% used [0x00000000eab00000,0x00000000f4900000,0x00000000f4900000)
  from space 9728K, 99% used [0x00000000f5500000,0x00000000f5e79f90,0x00000000f5e80000)
  to   space 12288K, 0% used [0x00000000f4900000,0x00000000f4900000,0x00000000f5500000)
 ParOldGen       total 54784K, used 21172K [0x00000000c0000000, 0x00000000c3580000, 0x00000000eab00000)
  object space 54784K, 38% used [0x00000000c0000000,0x00000000c14ad318,0x00000000c3580000)
 Metaspace       used 49623K, capacity 50888K, committed 50984K, reserved 1093632K
  class space    used 6554K, capacity 6891K, committed 6952K, reserved 1048576K
Event: 35.009 GC heap after
Heap after GC invocations=15 (full 2):
 PSYoungGen      total 174080K, used 12268K [0x00000000eab00000, 0x00000000f9a80000, 0x0000000100000000)
  eden space 161792K, 0% used [0x00000000eab00000,0x00000000eab00000,0x00000000f4900000)
  from space 12288K, 99% used [0x00000000f4900000,0x00000000f54fb2b0,0x00000000f5500000)
  to   space 18944K, 0% used [0x00000000f8800000,0x00000000f8800000,0x00000000f9a80000)
 ParOldGen       total 54784K, used 34591K [0x00000000c0000000, 0x00000000c3580000, 0x00000000eab00000)
  object space 54784K, 63% used [0x00000000c0000000,0x00000000c21c7fa8,0x00000000c3580000)
 Metaspace       used 49623K, capacity 50888K, committed 50984K, reserved 1093632K
  class space    used 6554K, capacity 6891K, committed 6952K, reserved 1048576K
}

